\BOOKMARK [1][-]{section.1}{Introduction}{}% 1
\BOOKMARK [0][-]{part.1}{I Exploring the expression data}{}% 2
\BOOKMARK [1][-]{section.2}{Principal Component Analysis}{part.1}% 3
\BOOKMARK [2][-]{subsection.2.1}{Exercise: PCA for the expression of two genes}{section.2}% 4
\BOOKMARK [2][-]{subsection.2.2}{Exercise: PCA using example data}{section.2}% 5
\BOOKMARK [1][-]{section.3}{Hierarchical Clustering}{part.1}% 6
\BOOKMARK [2][-]{subsection.3.1}{Exercise: Hierarchical clustering for expression data}{section.3}% 7
\BOOKMARK [1][-]{section.4}{Interaction Network}{part.1}% 8
\BOOKMARK [2][-]{subsection.4.1}{Exercise: Building a network using PSICQUIC}{section.4}% 9
\BOOKMARK [2][-]{subsection.4.2}{Compile the network with STRINGdb}{section.4}% 10
\BOOKMARK [0][-]{part.2}{II Statistical Approaches with Sparsity}{}% 11
\BOOKMARK [1][-]{section.5}{Feature Selection using logistic regression}{part.2}% 12
\BOOKMARK [2][-]{subsection.5.1}{Exercise: Features selection from expression data using MultiPEN}{section.5}% 13
\BOOKMARK [3][-]{subsubsection.5.1.1}{Using the Application}{subsection.5.1}% 14
\BOOKMARK [3][-]{subsubsection.5.1.2}{Running MultiPEN and the function FeatureSelection}{subsection.5.1}% 15
\BOOKMARK [3][-]{subsubsection.5.1.3}{Syntax}{subsection.5.1}% 16
\BOOKMARK [3][-]{subsubsection.5.1.4}{Description}{subsection.5.1}% 17
\BOOKMARK [3][-]{subsubsection.5.1.5}{Run MultiPEN and FeatureSelection with the example data}{subsection.5.1}% 18
\BOOKMARK [3][-]{subsubsection.5.1.6}{Feature Selection Output Files}{subsection.5.1}% 19
\BOOKMARK [2][-]{subsection.5.2}{Cross Validation}{section.5}% 20
\BOOKMARK [3][-]{subsubsection.5.2.1}{Syntax}{subsection.5.2}% 21
\BOOKMARK [3][-]{subsubsection.5.2.2}{Description}{subsection.5.2}% 22
\BOOKMARK [3][-]{subsubsection.5.2.3}{Running MultiPEN for cross validation}{subsection.5.2}% 23
\BOOKMARK [3][-]{subsubsection.5.2.4}{Cross Validation Output Files}{subsection.5.2}% 24
